#
# There is insufficient memory for the Java Runtime Environment to continue.
# Native memory allocation (malloc) failed to allocate 32744 bytes. Error detail: ChunkPool::allocate
# Possible reasons:
#   The system is out of physical RAM or swap space
#   This process is running with CompressedOops enabled, and the Java Heap may be blocking the growth of the native heap
# Possible solutions:
#   Reduce memory load on the system
#   Increase physical memory or swap space
#   Check if swap backing store is full
#   Decrease Java heap size (-Xmx/-Xms)
#   Decrease number of Java threads
#   Decrease Java thread stack sizes (-Xss)
#   Set larger code cache with -XX:ReservedCodeCacheSize=
#   JVM is running with Unscaled Compressed Oops mode in which the Java heap is
#     placed in the first 4GB address space. The Java Heap base address is the
#     maximum limit for the native heap growth. Please use -XX:HeapBaseMinAddress
#     to set the Java Heap base and to place the Java Heap above 4GB virtual address.
# This output file may be truncated or incomplete.
#
#  Out of Memory Error (arena.cpp:79), pid=16248, tid=14116
#
# JRE version: OpenJDK Runtime Environment JBR-17.0.14+1-1367.22-nomod (17.0.14+1) (build 17.0.14+1-b1367.22)
# Java VM: OpenJDK 64-Bit Server VM JBR-17.0.14+1-1367.22-nomod (17.0.14+1-b1367.22, mixed mode, sharing, tiered, compressed oops, compressed class ptrs, g1 gc, windows-amd64)
# No core dump will be written. Minidumps are not enabled by default on client versions of Windows
#

---------------  S U M M A R Y ------------

Command Line: org.jetbrains.kotlin.cli.jvm.K2JVMCompiler @C:\Users\acer\AndroidStudioProjects\realtime_object_detection\app\build\20250324_18406734673031701750.compiler.options

Host: Intel(R) Core(TM) i3-1005G1 CPU @ 1.20GHz, 4 cores, 3G,  Windows 10 , 64 bit Build 19041 (10.0.19041.5438)
Time: Mon Mar 24 18:56:30 2025 Türkiye Standart Saati elapsed time: 3.880101 seconds (0d 0h 0m 3s)

---------------  T H R E A D  ---------------

Current thread (0x00000250d1a7f5b0):  JavaThread "C2 CompilerThread0" daemon [_thread_in_native, id=14116, stack(0x00000053bca00000,0x00000053bcb00000)]


Current CompileTask:
C2:   3880 2218   !   4       jdk.internal.loader.BuiltinClassLoader::loadClassOrNull (143 bytes)

Stack: [0x00000053bca00000,0x00000053bcb00000]
Native frames: (J=compiled Java code, j=interpreted, Vv=VM code, C=native code)
V  [jvm.dll+0x68b969]


---------------  P R O C E S S  ---------------

Threads class SMR info:
_java_thread_list=0x00000251170531d0, length=12, elements={
0x00000250baa11070, 0x00000250d1a61f10, 0x00000250d1a62b50, 0x00000250d1a79b60,
0x00000250d1a7c530, 0x00000250d1a7cef0, 0x00000250d1a7d8b0, 0x00000250d1a7f5b0,
0x00000250d1a80060, 0x00000250d1af0e90, 0x000002511707cbf0, 0x00000251170877a0
}

Java Threads: ( => current thread )
  0x00000250baa11070 JavaThread "main" [_thread_in_vm, id=12492, stack(0x00000053bbd00000,0x00000053bbe00000)]
  0x00000250d1a61f10 JavaThread "Reference Handler" daemon [_thread_blocked, id=16004, stack(0x00000053bc400000,0x00000053bc500000)]
  0x00000250d1a62b50 JavaThread "Finalizer" daemon [_thread_blocked, id=2924, stack(0x00000053bc500000,0x00000053bc600000)]
  0x00000250d1a79b60 JavaThread "Signal Dispatcher" daemon [_thread_blocked, id=248, stack(0x00000053bc600000,0x00000053bc700000)]
  0x00000250d1a7c530 JavaThread "Attach Listener" daemon [_thread_blocked, id=11568, stack(0x00000053bc700000,0x00000053bc800000)]
  0x00000250d1a7cef0 JavaThread "Service Thread" daemon [_thread_blocked, id=2168, stack(0x00000053bc800000,0x00000053bc900000)]
  0x00000250d1a7d8b0 JavaThread "Monitor Deflation Thread" daemon [_thread_blocked, id=16260, stack(0x00000053bc900000,0x00000053bca00000)]
=>0x00000250d1a7f5b0 JavaThread "C2 CompilerThread0" daemon [_thread_in_native, id=14116, stack(0x00000053bca00000,0x00000053bcb00000)]
  0x00000250d1a80060 JavaThread "C1 CompilerThread0" daemon [_thread_blocked, id=10632, stack(0x00000053bcb00000,0x00000053bcc00000)]
  0x00000250d1af0e90 JavaThread "Sweeper thread" daemon [_thread_blocked, id=14704, stack(0x00000053bcc00000,0x00000053bcd00000)]
  0x000002511707cbf0 JavaThread "Notification Thread" daemon [_thread_blocked, id=13328, stack(0x00000053bcd00000,0x00000053bce00000)]
  0x00000251170877a0 JavaThread "Common-Cleaner" daemon [_thread_blocked, id=4420, stack(0x00000053bcf00000,0x00000053bd000000)]

Other Threads:
  0x00000250baacd280 VMThread "VM Thread" [stack: 0x00000053bc300000,0x00000053bc400000] [id=16972]
  0x000002511707d4e0 WatcherThread [stack: 0x00000053bce00000,0x00000053bcf00000] [id=9856]
  0x00000250baa4c8a0 GCTaskThread "GC Thread#0" [stack: 0x00000053bbe00000,0x00000053bbf00000] [id=4784]
  0x000002511740c460 GCTaskThread "GC Thread#1" [stack: 0x00000053bd000000,0x00000053bd100000] [id=16488]
  0x0000025117440f10 GCTaskThread "GC Thread#2" [stack: 0x00000053bd100000,0x00000053bd200000] [id=14816]
  0x0000025117443230 GCTaskThread "GC Thread#3" [stack: 0x00000053bd200000,0x00000053bd300000] [id=16524]
  0x00000250baa55180 ConcurrentGCThread "G1 Main Marker" [stack: 0x00000053bbf00000,0x00000053bc000000] [id=16428]
  0x00000250baa56340 ConcurrentGCThread "G1 Conc#0" [stack: 0x00000053bc000000,0x00000053bc100000] [id=1104]
  0x00000250baa98f80 ConcurrentGCThread "G1 Refine#0" [stack: 0x00000053bc100000,0x00000053bc200000] [id=13200]
  0x0000025117cfc870 ConcurrentGCThread "G1 Refine#1" [stack: 0x00000053bd300000,0x00000053bd400000] [id=15316]
  0x00000250baa9b8c0 ConcurrentGCThread "G1 Service" [stack: 0x00000053bc200000,0x00000053bc300000] [id=16748]

Threads with active compile tasks:
C2 CompilerThread0     3903 2218   !   4       jdk.internal.loader.BuiltinClassLoader::loadClassOrNull (143 bytes)

VM state: not at safepoint (normal execution)

VM Mutex/Monitor currently owned by a thread: None

Heap address: 0x00000000c3a00000, size: 966 MB, Compressed Oops mode: 32-bit

CDS archive(s) mapped at: [0x00000250d2000000-0x00000250d2c00000-0x00000250d2c00000), size 12582912, SharedBaseAddress: 0x00000250d2000000, ArchiveRelocationMode: 1.
Compressed class space mapped at: 0x00000250d3000000-0x0000025113000000, reserved size: 1073741824
Narrow klass base: 0x00000250d2000000, Narrow klass shift: 0, Narrow klass range: 0x100000000

GC Precious Log:
 CPUs: 4 total, 4 available
 Memory: 3863M
 Large Page Support: Disabled
 NUMA Support: Disabled
 Compressed Oops: Enabled (32-bit)
 Heap Region Size: 1M
 Heap Min Capacity: 8M
 Heap Initial Capacity: 62M
 Heap Max Capacity: 966M
 Pre-touch: Disabled
 Parallel Workers: 4
 Concurrent Workers: 1
 Concurrent Refinement Workers: 4
 Periodic GC: Disabled

Heap:
 garbage-first heap   total 63488K, used 21050K [0x00000000c3a00000, 0x0000000100000000)
  region size 1024K, 6 young (6144K), 4 survivors (4096K)
 Metaspace       used 21972K, committed 22144K, reserved 1114112K
  class space    used 2881K, committed 2944K, reserved 1048576K

Heap Regions: E=young(eden), S=young(survivor), O=old, HS=humongous(starts), HC=humongous(continues), CS=collection set, F=free, OA=open archive, CA=closed archive, TAMS=top-at-mark-start (previous, next)
|   0|0x00000000c3a00000, 0x00000000c3b00000, 0x00000000c3b00000|100%|HS|  |TAMS 0x00000000c3b00000, 0x00000000c3a00000| Complete 
|   1|0x00000000c3b00000, 0x00000000c3c00000, 0x00000000c3c00000|100%|HC|  |TAMS 0x00000000c3c00000, 0x00000000c3b00000| Complete 
|   2|0x00000000c3c00000, 0x00000000c3d00000, 0x00000000c3d00000|100%|HC|  |TAMS 0x00000000c3d00000, 0x00000000c3c00000| Complete 
|   3|0x00000000c3d00000, 0x00000000c3e00000, 0x00000000c3e00000|100%| O|  |TAMS 0x00000000c3e00000, 0x00000000c3d00000| Untracked 
|   4|0x00000000c3e00000, 0x00000000c3f00000, 0x00000000c3f00000|100%| O|  |TAMS 0x00000000c3f00000, 0x00000000c3e00000| Untracked 
|   5|0x00000000c3f00000, 0x00000000c4000000, 0x00000000c4000000|100%| O|  |TAMS 0x00000000c4000000, 0x00000000c3f00000| Complete 
|   6|0x00000000c4000000, 0x00000000c4100000, 0x00000000c4100000|100%|HS|  |TAMS 0x00000000c4100000, 0x00000000c4000000| Complete 
|   7|0x00000000c4100000, 0x00000000c4200000, 0x00000000c4200000|100%|HC|  |TAMS 0x00000000c4200000, 0x00000000c4100000| Complete 
|   8|0x00000000c4200000, 0x00000000c4300000, 0x00000000c4300000|100%|HC|  |TAMS 0x00000000c4300000, 0x00000000c4200000| Complete 
|   9|0x00000000c4300000, 0x00000000c4400000, 0x00000000c4400000|100%| O|  |TAMS 0x00000000c4388a00, 0x00000000c4300000| Untracked 
|  10|0x00000000c4400000, 0x00000000c4500000, 0x00000000c4500000|100%| O|  |TAMS 0x00000000c4400000, 0x00000000c4400000| Untracked 
|  11|0x00000000c4500000, 0x00000000c4600000, 0x00000000c4600000|100%| O|  |TAMS 0x00000000c4500000, 0x00000000c4500000| Untracked 
|  12|0x00000000c4600000, 0x00000000c4700000, 0x00000000c4700000|100%| O|  |TAMS 0x00000000c4600000, 0x00000000c4600000| Untracked 
|  13|0x00000000c4700000, 0x00000000c4800000, 0x00000000c4800000|100%| O|  |TAMS 0x00000000c4700000, 0x00000000c4700000| Untracked 
|  14|0x00000000c4800000, 0x00000000c4900000, 0x00000000c4900000|100%| O|  |TAMS 0x00000000c4800000, 0x00000000c4800000| Untracked 
|  15|0x00000000c4900000, 0x00000000c498e800, 0x00000000c4a00000| 55%| O|  |TAMS 0x00000000c4900000, 0x00000000c4900000| Untracked 
|  16|0x00000000c4a00000, 0x00000000c4a00000, 0x00000000c4b00000|  0%| F|  |TAMS 0x00000000c4a00000, 0x00000000c4a00000| Untracked 
|  17|0x00000000c4b00000, 0x00000000c4b00000, 0x00000000c4c00000|  0%| F|  |TAMS 0x00000000c4b00000, 0x00000000c4b00000| Untracked 
|  18|0x00000000c4c00000, 0x00000000c4c00000, 0x00000000c4d00000|  0%| F|  |TAMS 0x00000000c4c00000, 0x00000000c4c00000| Untracked 
|  19|0x00000000c4d00000, 0x00000000c4d00000, 0x00000000c4e00000|  0%| F|  |TAMS 0x00000000c4d00000, 0x00000000c4d00000| Untracked 
|  20|0x00000000c4e00000, 0x00000000c4e00000, 0x00000000c4f00000|  0%| F|  |TAMS 0x00000000c4e00000, 0x00000000c4e00000| Untracked 
|  21|0x00000000c4f00000, 0x00000000c4f00000, 0x00000000c5000000|  0%| F|  |TAMS 0x00000000c4f00000, 0x00000000c4f00000| Untracked 
|  22|0x00000000c5000000, 0x00000000c5000000, 0x00000000c5100000|  0%| F|  |TAMS 0x00000000c5000000, 0x00000000c5000000| Untracked 
|  23|0x00000000c5100000, 0x00000000c5100000, 0x00000000c5200000|  0%| F|  |TAMS 0x00000000c5100000, 0x00000000c5100000| Untracked 
|  24|0x00000000c5200000, 0x00000000c5200000, 0x00000000c5300000|  0%| F|  |TAMS 0x00000000c5200000, 0x00000000c5200000| Untracked 
|  25|0x00000000c5300000, 0x00000000c5300000, 0x00000000c5400000|  0%| F|  |TAMS 0x00000000c5300000, 0x00000000c5300000| Untracked 
|  26|0x00000000c5400000, 0x00000000c5400000, 0x00000000c5500000|  0%| F|  |TAMS 0x00000000c5400000, 0x00000000c5400000| Untracked 
|  27|0x00000000c5500000, 0x00000000c5500000, 0x00000000c5600000|  0%| F|  |TAMS 0x00000000c5500000, 0x00000000c5500000| Untracked 
|  28|0x00000000c5600000, 0x00000000c5600000, 0x00000000c5700000|  0%| F|  |TAMS 0x00000000c5600000, 0x00000000c5600000| Untracked 
|  29|0x00000000c5700000, 0x00000000c5700000, 0x00000000c5800000|  0%| F|  |TAMS 0x00000000c5700000, 0x00000000c5700000| Untracked 
|  30|0x00000000c5800000, 0x00000000c5800000, 0x00000000c5900000|  0%| F|  |TAMS 0x00000000c5800000, 0x00000000c5800000| Untracked 
|  31|0x00000000c5900000, 0x00000000c5900000, 0x00000000c5a00000|  0%| F|  |TAMS 0x00000000c5900000, 0x00000000c5900000| Untracked 
|  32|0x00000000c5a00000, 0x00000000c5a00000, 0x00000000c5b00000|  0%| F|  |TAMS 0x00000000c5a00000, 0x00000000c5a00000| Untracked 
|  33|0x00000000c5b00000, 0x00000000c5b00000, 0x00000000c5c00000|  0%| F|  |TAMS 0x00000000c5b00000, 0x00000000c5b00000| Untracked 
|  34|0x00000000c5c00000, 0x00000000c5c00000, 0x00000000c5d00000|  0%| F|  |TAMS 0x00000000c5c00000, 0x00000000c5c00000| Untracked 
|  35|0x00000000c5d00000, 0x00000000c5d00000, 0x00000000c5e00000|  0%| F|  |TAMS 0x00000000c5d00000, 0x00000000c5d00000| Untracked 
|  36|0x00000000c5e00000, 0x00000000c5e00000, 0x00000000c5f00000|  0%| F|  |TAMS 0x00000000c5e00000, 0x00000000c5e00000| Untracked 
|  37|0x00000000c5f00000, 0x00000000c5f00000, 0x00000000c6000000|  0%| F|  |TAMS 0x00000000c5f00000, 0x00000000c5f00000| Untracked 
|  38|0x00000000c6000000, 0x00000000c6000000, 0x00000000c6100000|  0%| F|  |TAMS 0x00000000c6000000, 0x00000000c6000000| Untracked 
|  39|0x00000000c6100000, 0x00000000c6100000, 0x00000000c6200000|  0%| F|  |TAMS 0x00000000c6100000, 0x00000000c6100000| Untracked 
|  40|0x00000000c6200000, 0x00000000c6200000, 0x00000000c6300000|  0%| F|  |TAMS 0x00000000c6200000, 0x00000000c6200000| Untracked 
|  41|0x00000000c6300000, 0x00000000c6400000, 0x00000000c6400000|100%| S|CS|TAMS 0x00000000c6300000, 0x00000000c6300000| Complete 
|  42|0x00000000c6400000, 0x00000000c6500000, 0x00000000c6500000|100%| S|CS|TAMS 0x00000000c6400000, 0x00000000c6400000| Complete 
|  43|0x00000000c6500000, 0x00000000c6600000, 0x00000000c6600000|100%| S|CS|TAMS 0x00000000c6500000, 0x00000000c6500000| Complete 
|  44|0x00000000c6600000, 0x00000000c6700000, 0x00000000c6700000|100%| S|CS|TAMS 0x00000000c6600000, 0x00000000c6600000| Complete 
|  45|0x00000000c6700000, 0x00000000c6700000, 0x00000000c6800000|  0%| F|  |TAMS 0x00000000c6700000, 0x00000000c6700000| Untracked 
|  46|0x00000000c6800000, 0x00000000c6800000, 0x00000000c6900000|  0%| F|  |TAMS 0x00000000c6800000, 0x00000000c6800000| Untracked 
|  47|0x00000000c6900000, 0x00000000c6900000, 0x00000000c6a00000|  0%| F|  |TAMS 0x00000000c6900000, 0x00000000c6900000| Untracked 
|  48|0x00000000c6a00000, 0x00000000c6a00000, 0x00000000c6b00000|  0%| F|  |TAMS 0x00000000c6a00000, 0x00000000c6a00000| Untracked 
|  49|0x00000000c6b00000, 0x00000000c6b00000, 0x00000000c6c00000|  0%| F|  |TAMS 0x00000000c6b00000, 0x00000000c6b00000| Untracked 
|  50|0x00000000c6c00000, 0x00000000c6c00000, 0x00000000c6d00000|  0%| F|  |TAMS 0x00000000c6c00000, 0x00000000c6c00000| Untracked 
|  51|0x00000000c6d00000, 0x00000000c6d00000, 0x00000000c6e00000|  0%| F|  |TAMS 0x00000000c6d00000, 0x00000000c6d00000| Untracked 
|  52|0x00000000c6e00000, 0x00000000c6e00000, 0x00000000c6f00000|  0%| F|  |TAMS 0x00000000c6e00000, 0x00000000c6e00000| Untracked 
|  53|0x00000000c6f00000, 0x00000000c6f00000, 0x00000000c7000000|  0%| F|  |TAMS 0x00000000c6f00000, 0x00000000c6f00000| Untracked 
|  54|0x00000000c7000000, 0x00000000c7000000, 0x00000000c7100000|  0%| F|  |TAMS 0x00000000c7000000, 0x00000000c7000000| Untracked 
|  55|0x00000000c7100000, 0x00000000c7100000, 0x00000000c7200000|  0%| F|  |TAMS 0x00000000c7100000, 0x00000000c7100000| Untracked 
|  56|0x00000000c7200000, 0x00000000c7200000, 0x00000000c7300000|  0%| F|  |TAMS 0x00000000c7200000, 0x00000000c7200000| Untracked 
|  57|0x00000000c7300000, 0x00000000c7300000, 0x00000000c7400000|  0%| F|  |TAMS 0x00000000c7300000, 0x00000000c7300000| Untracked 
|  58|0x00000000c7400000, 0x00000000c7400000, 0x00000000c7500000|  0%| F|  |TAMS 0x00000000c7400000, 0x00000000c7400000| Untracked 
|  59|0x00000000c7500000, 0x00000000c7500000, 0x00000000c7600000|  0%| F|  |TAMS 0x00000000c7500000, 0x00000000c7500000| Untracked 
|  60|0x00000000c7600000, 0x00000000c76bf138, 0x00000000c7700000| 74%| E|  |TAMS 0x00000000c7600000, 0x00000000c7600000| Complete 
|  61|0x00000000c7700000, 0x00000000c7800000, 0x00000000c7800000|100%| E|CS|TAMS 0x00000000c7700000, 0x00000000c7700000| Complete 

Card table byte_map: [0x00000250cd3f0000,0x00000250cd5e0000] _byte_map_base: 0x00000250ccdd3000

Marking Bits (Prev, Next): (CMBitMap*) 0x00000250baa4cf00, (CMBitMap*) 0x00000250baa4cec0
 Prev Bits: [0x00000250ce6f0000, 0x00000250cf608000)
 Next Bits: [0x00000250cd7d0000, 0x00000250ce6e8000)

Polling page: 0x00000250b87f0000

Metaspace:

Usage:
  Non-class:     18.64 MB used.
      Class:      2.81 MB used.
       Both:     21.46 MB used.

Virtual space:
  Non-class space:       64.00 MB reserved,      18.75 MB ( 29%) committed,  1 nodes.
      Class space:        1.00 GB reserved,       2.88 MB ( <1%) committed,  1 nodes.
             Both:        1.06 GB reserved,      21.62 MB (  2%) committed. 

Chunk freelists:
   Non-Class:  12.27 MB
       Class:  12.94 MB
        Both:  25.20 MB

MaxMetaspaceSize: unlimited
CompressedClassSpaceSize: 1.00 GB
Initial GC threshold: 21.00 MB
Current GC threshold: 35.12 MB
CDS: on
MetaspaceReclaimPolicy: balanced
 - commit_granule_bytes: 65536.
 - commit_granule_words: 8192.
 - virtual_space_node_default_size: 8388608.
 - enlarge_chunks_in_place: 1.
 - new_chunks_are_fully_committed: 0.
 - uncommit_free_chunks: 1.
 - use_allocation_guard: 0.
 - handle_deallocations: 1.


Internal statistics:

num_allocs_failed_limit: 3.
num_arena_births: 174.
num_arena_deaths: 0.
num_vsnodes_births: 2.
num_vsnodes_deaths: 0.
num_space_committed: 346.
num_space_uncommitted: 0.
num_chunks_returned_to_freelist: 3.
num_chunks_taken_from_freelist: 900.
num_chunk_merges: 3.
num_chunk_splits: 703.
num_chunks_enlarged: 606.
num_inconsistent_stats: 0.

CodeHeap 'non-profiled nmethods': size=120000Kb used=741Kb max_used=741Kb free=119258Kb
 bounds [0x00000250c5cd0000, 0x00000250c5f40000, 0x00000250cd200000]
CodeHeap 'profiled nmethods': size=120000Kb used=4284Kb max_used=4284Kb free=115715Kb
 bounds [0x00000250be200000, 0x00000250be630000, 0x00000250c5730000]
CodeHeap 'non-nmethods': size=5760Kb used=1253Kb max_used=1267Kb free=4506Kb
 bounds [0x00000250c5730000, 0x00000250c59a0000, 0x00000250c5cd0000]
 total_blobs=2763 nmethods=2218 adapters=457
 compilation: enabled
              stopped_count=0, restarted_count=0
 full_count=0

Compilation events (20 events):
Event: 3.693 Thread 0x00000250d1a80060 nmethod 2207 0x00000250be628690 code [0x00000250be628880, 0x00000250be628c78]
Event: 3.702 Thread 0x00000250d1a80060 2208       3       sun.invoke.util.VerifyAccess::isMemberAccessible (338 bytes)
Event: 3.703 Thread 0x00000250d1a80060 nmethod 2208 0x00000250be628e90 code [0x00000250be629220, 0x00000250be62a508]
Event: 3.703 Thread 0x00000250d1a80060 2209       3       java.lang.invoke.DirectMethodHandle::make (275 bytes)
Event: 3.705 Thread 0x00000250d1a80060 nmethod 2209 0x00000250be62aa90 code [0x00000250be62ae20, 0x00000250be62c2b8]
Event: 3.705 Thread 0x00000250d1a80060 2210       3       java.lang.invoke.MemberName::isField (8 bytes)
Event: 3.705 Thread 0x00000250d1a80060 nmethod 2210 0x00000250be62cb10 code [0x00000250be62ccc0, 0x00000250be62cef8]
Event: 3.771 Thread 0x00000250d1a80060 2212       3       java.lang.ref.Reference::enqueueFromPending (19 bytes)
Event: 3.772 Thread 0x00000250d1a80060 nmethod 2212 0x00000250be62d010 code [0x00000250be62d1c0, 0x00000250be62d3e8]
Event: 3.774 Thread 0x00000250d1a80060 2213   !   3       java.lang.ref.ReferenceQueue::enqueue (119 bytes)
Event: 3.775 Thread 0x00000250d1a80060 nmethod 2213 0x00000250be62d490 code [0x00000250be62d680, 0x00000250be62dd28]
Event: 3.775 Thread 0x00000250d1a80060 2214       3       java.lang.ref.ReferenceQueue::reallyPoll (65 bytes)
Event: 3.775 Thread 0x00000250d1a80060 nmethod 2214 0x00000250be62df10 code [0x00000250be62e0e0, 0x00000250be62e5f8]
Event: 3.801 Thread 0x00000250d1a80060 2216       3       jdk.internal.reflect.ReflectionFactory::getExecutableSharedParameterTypes (11 bytes)
Event: 3.801 Thread 0x00000250d1a80060 nmethod 2216 0x00000250be62e710 code [0x00000250be62e8c0, 0x00000250be62eb28]
Event: 3.801 Thread 0x00000250d1a80060 2217       3       java.lang.reflect.ReflectAccess::getExecutableSharedParameterTypes (5 bytes)
Event: 3.801 Thread 0x00000250d1a80060 nmethod 2217 0x00000250be62ec90 code [0x00000250be62ee40, 0x00000250be62f008]
Event: 3.815 Thread 0x00000250d1a7f5b0 2218   !   4       jdk.internal.loader.BuiltinClassLoader::loadClassOrNull (143 bytes)
Event: 3.825 Thread 0x00000250d1a80060 2219       1       java.lang.reflect.Constructor::getSharedParameterTypes (5 bytes)
Event: 3.825 Thread 0x00000250d1a80060 nmethod 2219 0x00000250c5d89410 code [0x00000250c5d895a0, 0x00000250c5d89678]

GC Heap History (8 events):
Event: 0.752 GC heap before
{Heap before GC invocations=0 (full 0):
 garbage-first heap   total 63488K, used 16384K [0x00000000c3a00000, 0x0000000100000000)
  region size 1024K, 13 young (13312K), 0 survivors (0K)
 Metaspace       used 4084K, committed 4224K, reserved 1114112K
  class space    used 350K, committed 384K, reserved 1048576K
}
Event: 0.760 GC heap after
{Heap after GC invocations=1 (full 0):
 garbage-first heap   total 63488K, used 5594K [0x00000000c3a00000, 0x0000000100000000)
  region size 1024K, 2 young (2048K), 2 survivors (2048K)
 Metaspace       used 4084K, committed 4224K, reserved 1114112K
  class space    used 350K, committed 384K, reserved 1048576K
}
Event: 1.898 GC heap before
{Heap before GC invocations=1 (full 0):
 garbage-first heap   total 63488K, used 20954K [0x00000000c3a00000, 0x0000000100000000)
  region size 1024K, 18 young (18432K), 2 survivors (2048K)
 Metaspace       used 7891K, committed 8000K, reserved 1114112K
  class space    used 835K, committed 896K, reserved 1048576K
}
Event: 1.905 GC heap after
{Heap after GC invocations=2 (full 0):
 garbage-first heap   total 63488K, used 7223K [0x00000000c3a00000, 0x0000000100000000)
  region size 1024K, 2 young (2048K), 2 survivors (2048K)
 Metaspace       used 7891K, committed 8000K, reserved 1114112K
  class space    used 835K, committed 896K, reserved 1048576K
}
Event: 3.116 GC heap before
{Heap before GC invocations=2 (full 0):
 garbage-first heap   total 63488K, used 46135K [0x00000000c3a00000, 0x0000000100000000)
  region size 1024K, 37 young (37888K), 2 survivors (2048K)
 Metaspace       used 17012K, committed 17216K, reserved 1114112K
  class space    used 2015K, committed 2112K, reserved 1048576K
}
Event: 3.130 GC heap after
{Heap after GC invocations=3 (full 0):
 garbage-first heap   total 63488K, used 14882K [0x00000000c3a00000, 0x0000000100000000)
  region size 1024K, 5 young (5120K), 5 survivors (5120K)
 Metaspace       used 17012K, committed 17216K, reserved 1114112K
  class space    used 2015K, committed 2112K, reserved 1048576K
}
Event: 3.753 GC heap before
{Heap before GC invocations=3 (full 0):
 garbage-first heap   total 63488K, used 31266K [0x00000000c3a00000, 0x0000000100000000)
  region size 1024K, 22 young (22528K), 5 survivors (5120K)
 Metaspace       used 21327K, committed 21504K, reserved 1114112K
  class space    used 2604K, committed 2688K, reserved 1048576K
}
Event: 3.770 GC heap after
{Heap after GC invocations=4 (full 0):
 garbage-first heap   total 63488K, used 20026K [0x00000000c3a00000, 0x0000000100000000)
  region size 1024K, 4 young (4096K), 4 survivors (4096K)
 Metaspace       used 21327K, committed 21504K, reserved 1114112K
  class space    used 2604K, committed 2688K, reserved 1048576K
}

Dll operation events (3 events):
Event: 0.015 Loaded shared library C:\Users\acer\.jdks\jbr-17.0.14\bin\java.dll
Event: 0.041 Loaded shared library C:\Users\acer\.jdks\jbr-17.0.14\bin\jsvml.dll
Event: 2.499 Loaded shared library C:\Users\acer\.jdks\jbr-17.0.14\bin\verify.dll

Deoptimization events (20 events):
Event: 3.141 Thread 0x00000250baa11070 DEOPT PACKING pc=0x00000250be5e0665 sp=0x00000053bbdfe380
Event: 3.141 Thread 0x00000250baa11070 DEOPT UNPACKING pc=0x00000250c578ace3 sp=0x00000053bbdfd810 mode 0
Event: 3.142 Thread 0x00000250baa11070 DEOPT PACKING pc=0x00000250be5e0665 sp=0x00000053bbdfe380
Event: 3.142 Thread 0x00000250baa11070 DEOPT UNPACKING pc=0x00000250c578ace3 sp=0x00000053bbdfd810 mode 0
Event: 3.142 Thread 0x00000250baa11070 DEOPT PACKING pc=0x00000250be5e0665 sp=0x00000053bbdfe380
Event: 3.142 Thread 0x00000250baa11070 DEOPT UNPACKING pc=0x00000250c578ace3 sp=0x00000053bbdfd810 mode 0
Event: 3.142 Thread 0x00000250baa11070 DEOPT PACKING pc=0x00000250be5e0665 sp=0x00000053bbdfe380
Event: 3.142 Thread 0x00000250baa11070 DEOPT UNPACKING pc=0x00000250c578ace3 sp=0x00000053bbdfd810 mode 0
Event: 3.142 Thread 0x00000250baa11070 DEOPT PACKING pc=0x00000250be5e06a2 sp=0x00000053bbdfe380
Event: 3.142 Thread 0x00000250baa11070 DEOPT UNPACKING pc=0x00000250c578ace3 sp=0x00000053bbdfd810 mode 0
Event: 3.143 Thread 0x00000250baa11070 DEOPT PACKING pc=0x00000250be5e06a2 sp=0x00000053bbdfe380
Event: 3.143 Thread 0x00000250baa11070 DEOPT UNPACKING pc=0x00000250c578ace3 sp=0x00000053bbdfd810 mode 0
Event: 3.265 Thread 0x00000250baa11070 Uncommon trap: trap_request=0xffffffde fr.pc=0x00000250c5d5a558 relative=0x00000000000016b8
Event: 3.265 Thread 0x00000250baa11070 Uncommon trap: reason=class_check action=maybe_recompile pc=0x00000250c5d5a558 method=java.util.zip.InflaterInputStream.read([BII)I @ 100 c2
Event: 3.265 Thread 0x00000250baa11070 DEOPT PACKING pc=0x00000250c5d5a558 sp=0x00000053bbdfe450
Event: 3.265 Thread 0x00000250baa11070 DEOPT UNPACKING pc=0x00000250c578a1a3 sp=0x00000053bbdfe4a0 mode 2
Event: 3.573 Thread 0x00000250baa11070 Uncommon trap: trap_request=0xffffff45 fr.pc=0x00000250c5cfd7e0 relative=0x0000000000000240
Event: 3.573 Thread 0x00000250baa11070 Uncommon trap: reason=unstable_if action=reinterpret pc=0x00000250c5cfd7e0 method=java.lang.String.startsWith(Ljava/lang/String;I)Z @ 1 c2
Event: 3.573 Thread 0x00000250baa11070 DEOPT PACKING pc=0x00000250c5cfd7e0 sp=0x00000053bbdfdba0
Event: 3.573 Thread 0x00000250baa11070 DEOPT UNPACKING pc=0x00000250c578a1a3 sp=0x00000053bbdfdb20 mode 2

Classes loaded (20 events):
Event: 3.379 Loading class java/io/CharConversionException done
Event: 3.379 Loading class com/sun/org/apache/xerces/internal/impl/io/MalformedByteSequenceException done
Event: 3.382 Loading class java/text/ParseException
Event: 3.382 Loading class java/text/ParseException done
Event: 3.386 Loading class java/util/ConcurrentModificationException
Event: 3.386 Loading class java/util/ConcurrentModificationException done
Event: 3.495 Loading class java/util/concurrent/atomic/AtomicReferenceArray
Event: 3.495 Loading class java/util/concurrent/atomic/AtomicReferenceArray done
Event: 3.625 Loading class java/io/FileFilter
Event: 3.625 Loading class java/io/FileFilter done
Event: 3.627 Loading class jdk/internal/reflect/UnsafeStaticIntegerFieldAccessorImpl
Event: 3.628 Loading class jdk/internal/reflect/UnsafeStaticIntegerFieldAccessorImpl done
Event: 3.656 Loading class javax/swing/Icon
Event: 3.656 Loading class javax/swing/Icon done
Event: 3.658 Loading class sun/invoke/util/VerifyAccess$1
Event: 3.659 Loading class sun/invoke/util/VerifyAccess$1 done
Event: 3.674 Loading class java/util/AbstractList$Itr
Event: 3.674 Loading class java/util/AbstractList$Itr done
Event: 3.694 Loading class java/util/function/UnaryOperator
Event: 3.694 Loading class java/util/function/UnaryOperator done

Classes unloaded (0 events):
No events

Classes redefined (0 events):
No events

Internal exceptions (20 events):
Event: 2.400 Thread 0x00000250baa11070 Exception <a 'java/lang/NoSuchMethodError'{0x00000000c6bfbda8}: 'void java.lang.invoke.DelegatingMethodHandle$Holder.reinvoke_L(java.lang.Object, java.lang.Object, java.lang.Object, long, java.lang.Object)'> (0x00000000c6bfbda8) 
thrown [s\src\hotspot\share\interpreter\linkResolver.cpp, line 771]
Event: 2.400 Thread 0x00000250baa11070 Exception <a 'java/lang/NoSuchMethodError'{0x00000000c6a03fe0}: 'java.lang.Object java.lang.invoke.DirectMethodHandle$Holder.invokeSpecial(java.lang.Object, java.lang.Object, java.lang.Object, java.lang.Object, long)'> (0x00000000c6a03fe0) 
thrown [s\src\hotspot\share\interpreter\linkResolver.cpp, line 771]
Event: 2.403 Thread 0x00000250baa11070 Exception <a 'java/lang/NoSuchMethodError'{0x00000000c6a1c740}: 'long java.lang.invoke.Invokers$Holder.invoke_MT(java.lang.Object, java.lang.Object, java.lang.Object, java.lang.Object)'> (0x00000000c6a1c740) 
thrown [s\src\hotspot\share\interpreter\linkResolver.cpp, line 771]
Event: 2.404 Thread 0x00000250baa11070 Exception <a 'java/lang/NoSuchMethodError'{0x00000000c6a27f60}: 'int java.lang.invoke.DirectMethodHandle$Holder.invokeSpecial(java.lang.Object, java.lang.Object, java.lang.Object)'> (0x00000000c6a27f60) 
thrown [s\src\hotspot\share\interpreter\linkResolver.cpp, line 771]
Event: 2.405 Thread 0x00000250baa11070 Exception <a 'java/lang/NoSuchMethodError'{0x00000000c6a2bf90}: 'int java.lang.invoke.DirectMethodHandle$Holder.invokeSpecial(java.lang.Object, java.lang.Object, java.lang.Object, java.lang.Object)'> (0x00000000c6a2bf90) 
thrown [s\src\hotspot\share\interpreter\linkResolver.cpp, line 771]
Event: 2.405 Thread 0x00000250baa11070 Exception <a 'java/lang/NoSuchMethodError'{0x00000000c6a2f5f8}: 'int java.lang.invoke.Invokers$Holder.invoke_MT(java.lang.Object, java.lang.Object, java.lang.Object, java.lang.Object)'> (0x00000000c6a2f5f8) 
thrown [s\src\hotspot\share\interpreter\linkResolver.cpp, line 771]
Event: 2.406 Thread 0x00000250baa11070 Exception <a 'java/lang/NoSuchMethodError'{0x00000000c6a3f218}: 'int java.lang.invoke.DelegatingMethodHandle$Holder.reinvoke_L(java.lang.Object, java.lang.Object, java.lang.Object, long, int)'> (0x00000000c6a3f218) 
thrown [s\src\hotspot\share\interpreter\linkResolver.cpp, line 771]
Event: 2.504 Thread 0x00000250baa11070 Exception <a 'java/lang/NoSuchMethodError'{0x00000000c679ea08}: 'java.lang.Object java.lang.invoke.DirectMethodHandle$Holder.invokeStaticInit(java.lang.Object)'> (0x00000000c679ea08) 
thrown [s\src\hotspot\share\interpreter\linkResolver.cpp, line 771]
Event: 2.654 Thread 0x00000250baa11070 Exception <a 'java/lang/NoSuchMethodError'{0x00000000c5eb2898}: 'java.lang.Object java.lang.invoke.DirectMethodHandle$Holder.invokeStaticInit(java.lang.Object, int)'> (0x00000000c5eb2898) 
thrown [s\src\hotspot\share\interpreter\linkResolver.cpp, line 771]
Event: 2.665 Thread 0x00000250baa11070 Exception <a 'java/lang/NoSuchMethodError'{0x00000000c5d3c678}: 'void java.lang.invoke.DirectMethodHandle$Holder.invokeStatic(java.lang.Object, java.lang.Object)'> (0x00000000c5d3c678) 
thrown [s\src\hotspot\share\interpreter\linkResolver.cpp, line 771]
Event: 2.693 Thread 0x00000250baa11070 Exception <a 'java/lang/NoSuchMethodError'{0x00000000c5c73918}: 'long java.lang.invoke.DirectMethodHandle$Holder.invokeStatic(java.lang.Object)'> (0x00000000c5c73918) 
thrown [s\src\hotspot\share\interpreter\linkResolver.cpp, line 771]
Event: 2.694 Thread 0x00000250baa11070 Exception <a 'java/lang/NoSuchMethodError'{0x00000000c5c77070}: 'long java.lang.invoke.DirectMethodHandle$Holder.invokeStaticInit(java.lang.Object)'> (0x00000000c5c77070) 
thrown [s\src\hotspot\share\interpreter\linkResolver.cpp, line 771]
Event: 2.775 Thread 0x00000250baa11070 Exception <a 'java/lang/NoSuchMethodError'{0x00000000c59ec2b0}: 'int java.lang.invoke.DirectMethodHandle$Holder.invokeStaticInit(java.lang.Object, java.lang.Object, java.lang.Object)'> (0x00000000c59ec2b0) 
thrown [s\src\hotspot\share\interpreter\linkResolver.cpp, line 771]
Event: 2.781 Thread 0x00000250baa11070 Exception <a 'java/lang/NoSuchMethodError'{0x00000000c5814358}: 'int java.lang.invoke.DirectMethodHandle$Holder.invokeStaticInit(java.lang.Object, java.lang.Object)'> (0x00000000c5814358) 
thrown [s\src\hotspot\share\interpreter\linkResolver.cpp, line 771]
Event: 2.804 Thread 0x00000250baa11070 Exception <a 'java/lang/NoSuchMethodError'{0x00000000c58ed5e0}: 'void java.lang.invoke.DirectMethodHandle$Holder.invokeSpecial(java.lang.Object, java.lang.Object, java.lang.Object)'> (0x00000000c58ed5e0) 
thrown [s\src\hotspot\share\interpreter\linkResolver.cpp, line 771]
Event: 3.392 Thread 0x00000250baa11070 Exception <a 'java/lang/NoSuchMethodError'{0x00000000c71a2370}: 'void java.lang.invoke.DirectMethodHandle$Holder.invokeStatic(java.lang.Object, java.lang.Object, java.lang.Object, java.lang.Object)'> (0x00000000c71a2370) 
thrown [s\src\hotspot\share\interpreter\linkResolver.cpp, line 771]
Event: 3.551 Thread 0x00000250baa11070 Exception <a 'java/lang/NoSuchMethodError'{0x00000000c6d485e8}: 'void java.lang.invoke.DirectMethodHandle$Holder.invokeStaticInit(java.lang.Object, java.lang.Object)'> (0x00000000c6d485e8) 
thrown [s\src\hotspot\share\interpreter\linkResolver.cpp, line 771]
Event: 3.663 Thread 0x00000250baa11070 Exception <a 'java/lang/NoSuchMethodError'{0x00000000c693c390}: 'void java.lang.invoke.DirectMethodHandle$Holder.invokeVirtual(java.lang.Object, java.lang.Object)'> (0x00000000c693c390) 
thrown [s\src\hotspot\share\interpreter\linkResolver.cpp, line 771]
Event: 3.676 Thread 0x00000250baa11070 Exception <a 'java/lang/NoSuchMethodError'{0x00000000c69bb540}: 'int java.lang.invoke.DirectMethodHandle$Holder.invokeVirtual(java.lang.Object, java.lang.Object)'> (0x00000000c69bb540) 
thrown [s\src\hotspot\share\interpreter\linkResolver.cpp, line 771]
Event: 3.702 Thread 0x00000250baa11070 Exception <a 'java/lang/NoSuchMethodError'{0x00000000c6884f48}: 'java.lang.Object java.lang.invoke.Invokers$Holder.invokeExact_MT(java.lang.Object, java.lang.Object, java.lang.Object, java.lang.Object, java.lang.Object, java.lang.Object)'> (0x00000000c6884f48) 
thrown [s\src\hotspot\share\interpreter\linkResolver.cpp, line 771]

VM Operations (20 events):
Event: 2.980 Executing VM operation: HandshakeAllThreads
Event: 2.980 Executing VM operation: HandshakeAllThreads done
Event: 3.002 Executing VM operation: HandshakeAllThreads
Event: 3.002 Executing VM operation: HandshakeAllThreads done
Event: 3.040 Executing VM operation: HandshakeAllThreads
Event: 3.040 Executing VM operation: HandshakeAllThreads done
Event: 3.041 Executing VM operation: HandshakeAllThreads
Event: 3.041 Executing VM operation: HandshakeAllThreads done
Event: 3.042 Executing VM operation: HandshakeAllThreads
Event: 3.042 Executing VM operation: HandshakeAllThreads done
Event: 3.116 Executing VM operation: G1CollectForAllocation
Event: 3.130 Executing VM operation: G1CollectForAllocation done
Event: 3.512 Executing VM operation: HandshakeAllThreads
Event: 3.512 Executing VM operation: HandshakeAllThreads done
Event: 3.753 Executing VM operation: CollectForMetadataAllocation
Event: 3.770 Executing VM operation: CollectForMetadataAllocation done
Event: 3.784 Executing VM operation: G1PauseRemark
Event: 3.788 Executing VM operation: G1PauseRemark done
Event: 3.796 Executing VM operation: G1PauseCleanup
Event: 3.796 Executing VM operation: G1PauseCleanup done

Memory protections (0 events):
No events

Nmethod flushes (0 events):
No events

Events (16 events):
Event: 0.041 Thread 0x00000250baa11070 Thread added: 0x00000250baa11070
Event: 0.049 Thread 0x00000250baa11070 Thread added: 0x00000250d1a61f10
Event: 0.054 Thread 0x00000250baa11070 Thread added: 0x00000250d1a62b50
Event: 0.089 Thread 0x00000250baa11070 Thread added: 0x00000250d1a79b60
Event: 0.090 Thread 0x00000250baa11070 Thread added: 0x00000250d1a7c530
Event: 0.090 Thread 0x00000250baa11070 Thread added: 0x00000250d1a7cef0
Event: 0.090 Thread 0x00000250baa11070 Thread added: 0x00000250d1a7d8b0
Event: 0.090 Thread 0x00000250baa11070 Thread added: 0x00000250d1a7f5b0
Event: 0.091 Thread 0x00000250baa11070 Thread added: 0x00000250d1a80060
Event: 0.093 Thread 0x00000250baa11070 Thread added: 0x00000250d1af0e90
Event: 0.220 Thread 0x00000250baa11070 Thread added: 0x000002511707cbf0
Event: 0.234 Thread 0x00000250baa11070 Thread added: 0x00000251170877a0
Event: 0.241 Loaded shared library C:\Users\acer\.jdks\jbr-17.0.14\bin\net.dll
Event: 0.247 Loaded shared library C:\Users\acer\.jdks\jbr-17.0.14\bin\nio.dll
Event: 0.285 Loaded shared library C:\Users\acer\.jdks\jbr-17.0.14\bin\zip.dll
Event: 0.347 Loaded shared library C:\Users\acer\.jdks\jbr-17.0.14\bin\jimage.dll


Dynamic libraries:
0x00007ff6b57d0000 - 0x00007ff6b57da000 	C:\Users\acer\.jdks\jbr-17.0.14\bin\java.exe
0x00007ff879a90000 - 0x00007ff879c88000 	C:\WINDOWS\SYSTEM32\ntdll.dll
0x00007ff81b8c0000 - 0x00007ff81b8da000 	C:\Program Files\AVG\Antivirus\aswhook.dll
0x00007ff879400000 - 0x00007ff8794c2000 	C:\WINDOWS\System32\KERNEL32.DLL
0x00007ff877740000 - 0x00007ff877a3f000 	C:\WINDOWS\System32\KERNELBASE.dll
0x00007ff8772c0000 - 0x00007ff8773c0000 	C:\WINDOWS\System32\ucrtbase.dll
0x00007ff86ee40000 - 0x00007ff86ee5b000 	C:\Users\acer\.jdks\jbr-17.0.14\bin\VCRUNTIME140.dll
0x00007ff86ebd0000 - 0x00007ff86ebe7000 	C:\Users\acer\.jdks\jbr-17.0.14\bin\jli.dll
0x00007ff877f50000 - 0x00007ff8780ed000 	C:\WINDOWS\System32\USER32.dll
0x00007ff8646b0000 - 0x00007ff86494a000 	C:\WINDOWS\WinSxS\amd64_microsoft.windows.common-controls_6595b64144ccf1df_6.0.19041.4355_none_60b8b9eb71f62e16\COMCTL32.dll
0x00007ff877540000 - 0x00007ff877562000 	C:\WINDOWS\System32\win32u.dll
0x00007ff878840000 - 0x00007ff8788de000 	C:\WINDOWS\System32\msvcrt.dll
0x00007ff878330000 - 0x00007ff87835b000 	C:\WINDOWS\System32\GDI32.dll
0x00007ff877620000 - 0x00007ff87773a000 	C:\WINDOWS\System32\gdi32full.dll
0x00007ff8773c0000 - 0x00007ff87745d000 	C:\WINDOWS\System32\msvcp_win.dll
0x00007ff877e10000 - 0x00007ff877e3f000 	C:\WINDOWS\System32\IMM32.DLL
0x00007ff872d00000 - 0x00007ff872d0c000 	C:\Users\acer\.jdks\jbr-17.0.14\bin\vcruntime140_1.dll
0x00007ff83bcb0000 - 0x00007ff83bd3d000 	C:\Users\acer\.jdks\jbr-17.0.14\bin\msvcp140.dll
0x00007ff8135d0000 - 0x00007ff81425e000 	C:\Users\acer\.jdks\jbr-17.0.14\bin\server\jvm.dll
0x00007ff877ea0000 - 0x00007ff877f4f000 	C:\WINDOWS\System32\ADVAPI32.dll
0x00007ff8794d0000 - 0x00007ff87956f000 	C:\WINDOWS\System32\sechost.dll
0x00007ff877b30000 - 0x00007ff877c53000 	C:\WINDOWS\System32\RPCRT4.dll
0x00007ff877290000 - 0x00007ff8772b7000 	C:\WINDOWS\System32\bcrypt.dll
0x00007ff8782c0000 - 0x00007ff87832b000 	C:\WINDOWS\System32\WS2_32.dll
0x00007ff8766c0000 - 0x00007ff87670b000 	C:\WINDOWS\SYSTEM32\POWRPROF.dll
0x00007ff86ff50000 - 0x00007ff86ff5a000 	C:\WINDOWS\SYSTEM32\VERSION.dll
0x00007ff8733d0000 - 0x00007ff8733f7000 	C:\WINDOWS\SYSTEM32\WINMM.dll
0x00007ff876530000 - 0x00007ff876542000 	C:\WINDOWS\SYSTEM32\UMPDC.dll
0x00007ff8759a0000 - 0x00007ff8759b2000 	C:\WINDOWS\SYSTEM32\kernel.appcore.dll
0x00007ff871c30000 - 0x00007ff871c3a000 	C:\Users\acer\.jdks\jbr-17.0.14\bin\jimage.dll
0x00007ff875670000 - 0x00007ff875854000 	C:\WINDOWS\SYSTEM32\DBGHELP.DLL
0x00007ff8664d0000 - 0x00007ff866504000 	C:\WINDOWS\SYSTEM32\dbgcore.DLL
0x00007ff8774b0000 - 0x00007ff877532000 	C:\WINDOWS\System32\bcryptPrimitives.dll
0x00007ff866980000 - 0x00007ff8669a5000 	C:\Users\acer\.jdks\jbr-17.0.14\bin\java.dll
0x00007ff83a0f0000 - 0x00007ff83a1c7000 	C:\Users\acer\.jdks\jbr-17.0.14\bin\jsvml.dll
0x00007ff878c90000 - 0x00007ff8793fd000 	C:\WINDOWS\System32\SHELL32.dll
0x00007ff874df0000 - 0x00007ff875594000 	C:\WINDOWS\SYSTEM32\windows.storage.dll
0x00007ff879620000 - 0x00007ff879975000 	C:\WINDOWS\System32\combase.dll
0x00007ff876b60000 - 0x00007ff876b8b000 	C:\WINDOWS\SYSTEM32\Wldp.dll
0x00007ff879980000 - 0x00007ff879a4d000 	C:\WINDOWS\System32\OLEAUT32.dll
0x00007ff879570000 - 0x00007ff87961d000 	C:\WINDOWS\System32\SHCORE.dll
0x00007ff877e40000 - 0x00007ff877e95000 	C:\WINDOWS\System32\shlwapi.dll
0x00007ff877060000 - 0x00007ff877085000 	C:\WINDOWS\SYSTEM32\profapi.dll
0x00007ff866f10000 - 0x00007ff866f28000 	C:\Users\acer\.jdks\jbr-17.0.14\bin\zip.dll
0x00007ff85c100000 - 0x00007ff85c119000 	C:\Users\acer\.jdks\jbr-17.0.14\bin\net.dll
0x00007ff86beb0000 - 0x00007ff86bfba000 	C:\WINDOWS\SYSTEM32\WINHTTP.dll
0x00007ff8768c0000 - 0x00007ff87692c000 	C:\WINDOWS\system32\mswsock.dll
0x00007ff856370000 - 0x00007ff856386000 	C:\Users\acer\.jdks\jbr-17.0.14\bin\nio.dll
0x00007ff873600000 - 0x00007ff873610000 	C:\Users\acer\.jdks\jbr-17.0.14\bin\verify.dll

dbghelp: loaded successfully - version: 4.0.5 - missing functions: none
symbol engine: initialized successfully - sym options: 0x614 - pdb path: .;C:\Users\acer\.jdks\jbr-17.0.14\bin;C:\WINDOWS\SYSTEM32;C:\Program Files\AVG\Antivirus;C:\WINDOWS\WinSxS\amd64_microsoft.windows.common-controls_6595b64144ccf1df_6.0.19041.4355_none_60b8b9eb71f62e16;C:\Users\acer\.jdks\jbr-17.0.14\bin\server

VM Arguments:
java_command: org.jetbrains.kotlin.cli.jvm.K2JVMCompiler @C:\Users\acer\AndroidStudioProjects\realtime_object_detection\app\build\20250324_18406734673031701750.compiler.options
java_class_path (initial): C:\Users\acer\.gradle\caches\modules-2\files-2.1\org.jetbrains.kotlin\kotlin-compiler-embeddable\1.7.10\909803167c98606fcf22b4c848647c68e351d48d\kotlin-compiler-embeddable-1.7.10.jar;C:\Users\acer\.gradle\caches\modules-2\files-2.1\org.jetbrains.kotlin\kotlin-reflect\1.7.10\165e600dfea6185cf5efa700756294cc4904dbeb\kotlin-reflect-1.7.10.jar;C:\Users\acer\.gradle\caches\modules-2\files-2.1\org.jetbrains.kotlin\kotlin-stdlib\1.7.10\d2abf9e77736acc4450dc4a3f707fa2c10f5099d\kotlin-stdlib-1.7.10.jar;C:\Users\acer\.gradle\caches\modules-2\files-2.1\org.jetbrains.kotlin\kotlin-script-runtime\1.7.10\c99c87a6988d8fd8d5142e9ed5c9f34a7cf561ee\kotlin-script-runtime-1.7.10.jar;C:\Users\acer\.gradle\caches\modules-2\files-2.1\org.jetbrains.kotlin\kotlin-daemon-embeddable\1.7.10\3a9f7aef7080d3ae63126cbba4f827ed664f32fa\kotlin-daemon-embeddable-1.7.10.jar;C:\Users\acer\.gradle\caches\modules-2\files-2.1\org.jetbrains.intellij.deps\trove4j\1.0.20200330\3afb14d5f9ceb459d724e907a21145e8ff394f02\trove4j-1.0.20200330.jar;C:\Users\acer\.gradle\caches\modules-2\files-2.1\net.java.dev.jna\jna\5.6.0\330f2244e9030119ab3030fc3fededc86713d9cc\jna-5.6.0.jar;C:\Users\acer\.gradle\caches\modules-2\files-2.1\org.jetbrains.kotlin\kotlin-stdlib-common\1.7.10\bac80c520d0a9e3f3673bc2658c6ed02ef45a76a\kotlin-stdlib-common-1.7.10.jar;C:\Users\acer\.gradle\caches\modules-2\files-2.1\org.jetbrains\annotations\13.0\919f0dfe192fb4e063e7dacadee7f8bb9a2672a9\annotations-13.0.jar
Launcher Type: SUN_STANDARD

[Global flags]
     intx CICompilerCount                          = 3                                         {product} {ergonomic}
     uint ConcGCThreads                            = 1                                         {product} {ergonomic}
     uint G1ConcRefinementThreads                  = 4                                         {product} {ergonomic}
   size_t G1HeapRegionSize                         = 1048576                                   {product} {ergonomic}
    uintx GCDrainStackTargetSize                   = 64                                        {product} {ergonomic}
   size_t InitialHeapSize                          = 65011712                                  {product} {ergonomic}
   size_t MarkStackSize                            = 4194304                                   {product} {ergonomic}
   size_t MaxHeapSize                              = 1012924416                                {product} {ergonomic}
   size_t MaxNewSize                               = 607125504                                 {product} {ergonomic}
   size_t MinHeapDeltaBytes                        = 1048576                                   {product} {ergonomic}
   size_t MinHeapSize                              = 8388608                                   {product} {ergonomic}
    uintx NonNMethodCodeHeapSize                   = 5832780                                {pd product} {ergonomic}
    uintx NonProfiledCodeHeapSize                  = 122912730                              {pd product} {ergonomic}
    uintx ProfiledCodeHeapSize                     = 122912730                              {pd product} {ergonomic}
    uintx ReservedCodeCacheSize                    = 251658240                              {pd product} {ergonomic}
     bool SegmentedCodeCache                       = true                                      {product} {ergonomic}
   size_t SoftMaxHeapSize                          = 1012924416                             {manageable} {ergonomic}
     bool UseCompressedClassPointers               = true                           {product lp64_product} {ergonomic}
     bool UseCompressedOops                        = true                           {product lp64_product} {ergonomic}
     bool UseG1GC                                  = true                                      {product} {ergonomic}
     bool UseLargePagesIndividualAllocation        = false                                  {pd product} {ergonomic}

Logging:
Log output configuration:
 #0: stdout all=warning uptime,level,tags
 #1: stderr all=off uptime,level,tags

Environment Variables:
PATH=C:\Program Files\Common Files\Oracle\Java\javapath;C:\WINDOWS\system32;C:\WINDOWS;C:\WINDOWS\System32\Wbem;C:\WINDOWS\System32\WindowsPowerShell\v1.0\;C:\WINDOWS\System32\OpenSSH\;C:\Program Files\Git\cmd;C:\Users\acer\AppData\Local\Programs\Python\Python39\Scripts\;C:\Users\acer\AppData\Local\Programs\Python\Python39\;C:\Users\acer\AppData\Local\Programs\Python\Python312\Scripts\;C:\Users\acer\AppData\Local\Programs\Python\Python312\;C:\Users\acer\AppData\Local\Programs\Python\Launcher\;C:\Users\acer\AppData\Local\Microsoft\WindowsApps;C:\Users\acer\AppData\Local\Pandoc\;C:\Users\acer\AppData\Local\Programs\MiKTeX\miktex\bin\x64\;C:\Users\acer\AppData\Local\Programs\Microsoft VS Code\bin;C:\Users\acer\AppData\Local\GitHubDesktop\bin;C:\ProgramData\acer\GitHubDesktop\bin
USERNAME=acer
OS=Windows_NT
PROCESSOR_IDENTIFIER=Intel64 Family 6 Model 126 Stepping 5, GenuineIntel
TMP=C:\Users\acer\AppData\Local\Temp
TEMP=C:\Users\acer\AppData\Local\Temp



Periodic native trim disabled

JNI global refs:
JNI global refs: 8, weak refs: 0

JNI global refs memory usage: 843, weak refs: 209

Process memory usage:
Resident Set Size: 145368K (3% of 3955896K total physical memory with 213916K free physical memory)

OOME stack traces (most recent first):
Classloader memory used:
Loader jdk.internal.loader.ClassLoaders$AppClassLoader                                 : 2282K
Loader bootstrap                                                                       : 436K
Loader jdk.internal.loader.ClassLoaders$PlatformClassLoader                            : 34464B
Loader jdk.internal.reflect.DelegatingClassLoader                                      : 4685B


---------------  S Y S T E M  ---------------

OS:
 Windows 10 , 64 bit Build 19041 (10.0.19041.5438)
OS uptime: 3 days 22:58 hours

CPU: total 4 (initial active 4) (2 cores per cpu, 2 threads per core) family 6 model 126 stepping 5 microcode 0x96, cx8, cmov, fxsr, ht, mmx, 3dnowpref, sse, sse2, sse3, ssse3, sse4.1, sse4.2, popcnt, lzcnt, tsc, tscinvbit, avx, avx2, aes, erms, clmul, bmi1, bmi2, adx, avx512f, avx512dq, avx512cd, avx512bw, avx512vl, sha, fma, vzeroupper, avx512_vpopcntdq, avx512_vpclmulqdq, avx512_vaes, avx512_vnni, clflush, clflushopt, avx512_vbmi2, avx512_vbmi
Processor Information for all 4 processors :
  Max Mhz: 1190, Current Mhz: 1190, Mhz Limit: 1190

Memory: 4k page, system-wide physical 3863M (206M free)
TotalPageFile size 10007M (AvailPageFile size 0M)
current process WorkingSet (physical memory assigned to process): 142M, peak: 142M
current process commit charge ("private bytes"): 178M, peak: 179M

vm_info: OpenJDK 64-Bit Server VM (17.0.14+1-b1367.22) for windows-amd64 JRE (17.0.14+1-b1367.22), built on 2025-01-30 by "builduser" with MS VC++ 16.10 / 16.11 (VS2019)

END.
